[18-Aug-2025 21:24:46 Europe/Berlin] PHP Fatal error:  Uncaught mysqli_sql_exception: Unknown column 'firstname' in 'field list' in C:\xampp\htdocs\BookBase-Dev\Project\backend\userprofile.php:20
Stack trace:
#0 C:\xampp\htdocs\BookBase-Dev\Project\backend\userprofile.php(20): mysqli->query('SELECT id, user...')
#1 {main}
  thrown in C:\xampp\htdocs\BookBase-Dev\Project\backend\userprofile.php on line 20
[18-Aug-2025 21:24:46 Europe/Berlin] PHP Fatal error:  Uncaught mysqli_sql_exception: Table 'bookbase.recently_read' doesn't exist in C:\xampp\htdocs\BookBase-Dev\Project\backend\recentlyread.php:23
Stack trace:
#0 C:\xampp\htdocs\BookBase-Dev\Project\backend\recentlyread.php(23): mysqli->query('SELECT b.id, b....')
#1 {main}
  thrown in C:\xampp\htdocs\BookBase-Dev\Project\backend\recentlyread.php on line 23
[18-Aug-2025 21:24:46 Europe/Berlin] PHP Fatal error:  Uncaught mysqli_sql_exception: Unknown column 'firstname' in 'field list' in C:\xampp\htdocs\BookBase-Dev\Project\backend\userprofile.php:20
Stack trace:
#0 C:\xampp\htdocs\BookBase-Dev\Project\backend\userprofile.php(20): mysqli->query('SELECT id, user...')
#1 {main}
  thrown in C:\xampp\htdocs\BookBase-Dev\Project\backend\userprofile.php on line 20
[18-Aug-2025 21:24:46 Europe/Berlin] PHP Fatal error:  Uncaught mysqli_sql_exception: Table 'bookbase.recently_read' doesn't exist in C:\xampp\htdocs\BookBase-Dev\Project\backend\recentlyread.php:23
Stack trace:
#0 C:\xampp\htdocs\BookBase-Dev\Project\backend\recentlyread.php(23): mysqli->query('SELECT b.id, b....')
#1 {main}
  thrown in C:\xampp\htdocs\BookBase-Dev\Project\backend\recentlyread.php on line 23
[18-Aug-2025 21:24:55 Europe/Berlin] PHP Fatal error:  Uncaught mysqli_sql_exception: Unknown column 'firstname' in 'field list' in C:\xampp\htdocs\BookBase-Dev\Project\backend\userprofile.php:20
Stack trace:
#0 C:\xampp\htdocs\BookBase-Dev\Project\backend\userprofile.php(20): mysqli->query('SELECT id, user...')
#1 {main}
  thrown in C:\xampp\htdocs\BookBase-Dev\Project\backend\userprofile.php on line 20
[18-Aug-2025 21:24:55 Europe/Berlin] PHP Fatal error:  Uncaught mysqli_sql_exception: Unknown column 'firstname' in 'field list' in C:\xampp\htdocs\BookBase-Dev\Project\backend\userprofile.php:20
Stack trace:
#0 C:\xampp\htdocs\BookBase-Dev\Project\backend\userprofile.php(20): mysqli->query('SELECT id, user...')
#1 {main}
  thrown in C:\xampp\htdocs\BookBase-Dev\Project\backend\userprofile.php on line 20
[18-Aug-2025 21:27:14 Europe/Berlin] PHP Fatal error:  Uncaught mysqli_sql_exception: Table 'bookbase.recently_read' doesn't exist in C:\xampp\htdocs\BookBase-Dev\Project\backend\recentlyread.php:23
Stack trace:
#0 C:\xampp\htdocs\BookBase-Dev\Project\backend\recentlyread.php(23): mysqli->query('SELECT b.id, b....')
#1 {main}
  thrown in C:\xampp\htdocs\BookBase-Dev\Project\backend\recentlyread.php on line 23
[18-Aug-2025 21:27:14 Europe/Berlin] PHP Fatal error:  Uncaught mysqli_sql_exception: Table 'bookbase.recently_read' doesn't exist in C:\xampp\htdocs\BookBase-Dev\Project\backend\recentlyread.php:23
Stack trace:
#0 C:\xampp\htdocs\BookBase-Dev\Project\backend\recentlyread.php(23): mysqli->query('SELECT b.id, b....')
#1 {main}
  thrown in C:\xampp\htdocs\BookBase-Dev\Project\backend\recentlyread.php on line 23
[18-Aug-2025 21:27:17 Europe/Berlin] PHP Fatal error:  Uncaught mysqli_sql_exception: Table 'bookbase.recently_read' doesn't exist in C:\xampp\htdocs\BookBase-Dev\Project\backend\recentlyread.php:23
Stack trace:
#0 C:\xampp\htdocs\BookBase-Dev\Project\backend\recentlyread.php(23): mysqli->query('SELECT b.id, b....')
#1 {main}
  thrown in C:\xampp\htdocs\BookBase-Dev\Project\backend\recentlyread.php on line 23
[18-Aug-2025 21:27:17 Europe/Berlin] PHP Fatal error:  Uncaught mysqli_sql_exception: Table 'bookbase.recently_read' doesn't exist in C:\xampp\htdocs\BookBase-Dev\Project\backend\recentlyread.php:23
Stack trace:
#0 C:\xampp\htdocs\BookBase-Dev\Project\backend\recentlyread.php(23): mysqli->query('SELECT b.id, b....')
#1 {main}
  thrown in C:\xampp\htdocs\BookBase-Dev\Project\backend\recentlyread.php on line 23
[18-Aug-2025 21:34:50 Europe/Berlin] PHP Fatal error:  Uncaught mysqli_sql_exception: Table 'bookbase.recently_read' doesn't exist in C:\xampp\htdocs\BookBase-Dev\Project\backend\recentlyread.php:23
Stack trace:
#0 C:\xampp\htdocs\BookBase-Dev\Project\backend\recentlyread.php(23): mysqli->query('SELECT b.id, b....')
#1 {main}
  thrown in C:\xampp\htdocs\BookBase-Dev\Project\backend\recentlyread.php on line 23
[18-Aug-2025 21:34:50 Europe/Berlin] PHP Fatal error:  Uncaught mysqli_sql_exception: Table 'bookbase.recently_read' doesn't exist in C:\xampp\htdocs\BookBase-Dev\Project\backend\recentlyread.php:23
Stack trace:
#0 C:\xampp\htdocs\BookBase-Dev\Project\backend\recentlyread.php(23): mysqli->query('SELECT b.id, b....')
#1 {main}
  thrown in C:\xampp\htdocs\BookBase-Dev\Project\backend\recentlyread.php on line 23
[18-Aug-2025 21:36:15 Europe/Berlin] PHP Fatal error:  Uncaught mysqli_sql_exception: Table 'bookbase.recently_read' doesn't exist in C:\xampp\htdocs\BookBase-Dev\Project\backend\recentlyread.php:23
Stack trace:
#0 C:\xampp\htdocs\BookBase-Dev\Project\backend\recentlyread.php(23): mysqli->query('SELECT b.id, b....')
#1 {main}
  thrown in C:\xampp\htdocs\BookBase-Dev\Project\backend\recentlyread.php on line 23
[18-Aug-2025 21:36:15 Europe/Berlin] PHP Fatal error:  Uncaught mysqli_sql_exception: Table 'bookbase.recently_read' doesn't exist in C:\xampp\htdocs\BookBase-Dev\Project\backend\recentlyread.php:23
Stack trace:
#0 C:\xampp\htdocs\BookBase-Dev\Project\backend\recentlyread.php(23): mysqli->query('SELECT b.id, b....')
#1 {main}
  thrown in C:\xampp\htdocs\BookBase-Dev\Project\backend\recentlyread.php on line 23
[18-Aug-2025 21:40:32 Europe/Berlin] PHP Deprecated:  round(): Passing null to parameter #1 ($num) of type int|float is deprecated in C:\xampp\htdocs\BookBase-Dev\Project\backend\bookdetails.php on line 34
[18-Aug-2025 21:40:32 Europe/Berlin] PHP Deprecated:  round(): Passing null to parameter #1 ($num) of type int|float is deprecated in C:\xampp\htdocs\BookBase-Dev\Project\backend\bookdetails.php on line 34
[18-Aug-2025 21:41:11 Europe/Berlin] PHP Deprecated:  round(): Passing null to parameter #1 ($num) of type int|float is deprecated in C:\xampp\htdocs\BookBase-Dev\Project\backend\bookdetails.php on line 34
[18-Aug-2025 21:41:11 Europe/Berlin] PHP Deprecated:  round(): Passing null to parameter #1 ($num) of type int|float is deprecated in C:\xampp\htdocs\BookBase-Dev\Project\backend\bookdetails.php on line 34
[18-Aug-2025 21:41:26 Europe/Berlin] PHP Deprecated:  round(): Passing null to parameter #1 ($num) of type int|float is deprecated in C:\xampp\htdocs\BookBase-Dev\Project\backend\bookdetails.php on line 34
[18-Aug-2025 21:41:26 Europe/Berlin] PHP Deprecated:  round(): Passing null to parameter #1 ($num) of type int|float is deprecated in C:\xampp\htdocs\BookBase-Dev\Project\backend\bookdetails.php on line 34
[18-Aug-2025 21:44:03 Europe/Berlin] PHP Deprecated:  round(): Passing null to parameter #1 ($num) of type int|float is deprecated in C:\xampp\htdocs\BookBase-Dev\Project\backend\bookdetails.php on line 34
[18-Aug-2025 21:44:03 Europe/Berlin] PHP Deprecated:  round(): Passing null to parameter #1 ($num) of type int|float is deprecated in C:\xampp\htdocs\BookBase-Dev\Project\backend\bookdetails.php on line 34
[18-Aug-2025 21:44:10 Europe/Berlin] PHP Deprecated:  round(): Passing null to parameter #1 ($num) of type int|float is deprecated in C:\xampp\htdocs\BookBase-Dev\Project\backend\bookdetails.php on line 34
[18-Aug-2025 21:44:10 Europe/Berlin] PHP Deprecated:  round(): Passing null to parameter #1 ($num) of type int|float is deprecated in C:\xampp\htdocs\BookBase-Dev\Project\backend\bookdetails.php on line 34
[18-Aug-2025 21:45:11 Europe/Berlin] PHP Deprecated:  round(): Passing null to parameter #1 ($num) of type int|float is deprecated in C:\xampp\htdocs\BookBase-Dev\Project\backend\bookdetails.php on line 34
[18-Aug-2025 21:45:11 Europe/Berlin] PHP Deprecated:  round(): Passing null to parameter #1 ($num) of type int|float is deprecated in C:\xampp\htdocs\BookBase-Dev\Project\backend\bookdetails.php on line 34
[18-Aug-2025 21:45:17 Europe/Berlin] PHP Deprecated:  round(): Passing null to parameter #1 ($num) of type int|float is deprecated in C:\xampp\htdocs\BookBase-Dev\Project\backend\bookdetails.php on line 34
[18-Aug-2025 21:45:17 Europe/Berlin] PHP Deprecated:  round(): Passing null to parameter #1 ($num) of type int|float is deprecated in C:\xampp\htdocs\BookBase-Dev\Project\backend\bookdetails.php on line 34
[18-Aug-2025 22:18:40 Europe/Berlin] PHP Deprecated:  round(): Passing null to parameter #1 ($num) of type int|float is deprecated in C:\xampp\htdocs\BookBase-Dev\Project\backend\bookdetails.php on line 34
[18-Aug-2025 22:18:40 Europe/Berlin] PHP Deprecated:  round(): Passing null to parameter #1 ($num) of type int|float is deprecated in C:\xampp\htdocs\BookBase-Dev\Project\backend\bookdetails.php on line 34
